Successfully connected to apocalypse6.com:6000
Attempting to connect to apocalypse6.com:6000
RECEIVED: 
RECEIVED: [1;31m.:-~-:._.:-~-:._.:-~-:._.:-~-:._.:-~-:._.:-~-:._.:-~-:._.:-~-:._.:-~-:._.:-~-:.
RECEIVED: 
RECEIVED:                                  [1;37mOOOOOOOOOOOOO
RECEIVED:                           O OOOOO             OOOOO O                        
RECEIVED:                     OOOOOOOO        [1;31mw,[0;33m----[1;31m,O       [1;37mOOOOOOO                 
RECEIVED:                  OOOOO       [1;31mO[0;33m----------[1;31mOo [0;33m-[1;31mOOO          [1;37mOOOOO               
RECEIVED:               OOOO       [1;31mO[0;33m- [1;31m,[0;33m-[1;31mO[0;33m-----[1;31mOOO                     [1;37mOOOOO            
RECEIVED:            OOOOO       [1;31mO [0;33m----------[1;31mOOO[0;33m-[1;31mO                        [1;37mOOO           
RECEIVED:          OOOO        [1;31mOOOOOOO[0;33m----[1;31mO      O              O           [1;37mOOO        
RECEIVED:         OOO         [1;31mOw[0;33m----[1;31mO[0;33m-   [1;31mw                       OOO          [1;37mOOO      
RECEIVED:       OOOO         [1;31mw[0;33m-[1;31mO[0;33m---[1;31m,O       [0;33m-  [1;31mO oo Ow             O[0;33m-[1;31mO         [1;37mOOO     
RECEIVED:      OOO          [1;31mO[0;33m--[1;31mO[0;33m--[1;31mO[0;33m-     [1;31mOOoowOOwOOOwoOo           Ow[0;33m-[1;31mO          [1;37mOOO   
RECEIVED:     OOO          [1;31mO,[0;33m---[1;31mO[0;33m-[1;31mO[0;33m-[1;31mw  OOowwooOOwO[0;33m-[1;31mow wO           O[0;33m--[1;31mO           [1;37mOOO  
RECEIVED:    OOO          [1;31mO[0;33m---[1;31mOOO[0;33m-[1;31mw[0;33m- [1;31mOOoOoOoow[0;33m- [1;31mOOwOwOwoow       O[0;33m---[1;31mO             [1;37mOOO  
RECEIVED:    OOO           [1;31mO[0;33m--[1;31mO[0;33m---[1;31mOO[0;33m--[1;31mOwooowOoO[0;33m-[1;31m,   OoOowOoo    O[0;33m------[1;31mO           [1;37mOOO 
RECEIVED:   OOO            [1;31mO[0;33m-[1;31mO[0;33m------[1;31mw[0;33m- [1;31mwwOoooOooO,,  wOo     O[0;33m--------[1;31mOOOwO         [1;37mOOO 
RECEIVED:   O O            [1;31mOwO[0;33m-------[1;31mO[0;33m--[1;31mwwwoowoOwOO,[0;33m-     [1;31mw[0;33m------[1;31mOO[0;33m---[1;31mO             [1;37mO O
RECEIVED:   O O             [1;31mwO[0;33m--------[1;31mO[0;33m--[1;31mOwowwO OooO[0;33m---[1;31mO[0;33m-[1;31mOOOOw[0;33m------[1;31mOO              [1;37mO O
RECEIVED:   O O             [1;31mOOO[0;33m-------[1;31mO[0;33m---[1;31moo O  Owow,,O[0;33m-[1;31mO[0;33m- -[1;31mO[0;33m-[1;31mOO[0;33m-----[1;31mO              [1;37mO O
RECEIVED:   OOO               [1;31mO[0;33m--------[1;31mO[0;33m--[1;31mOowO  woowO[0;33m--[1;31mOO[0;33m-[1;31mO[0;33m--[1;31mO[0;33m----[1;31mOO,[0;33m--[1;31mO            [1;37mOOO
RECEIVED:   OOO                [1;31mOO[0;33m-----[1;31m,[0;33m--[1;31mwoOOOOooooww[0;33m-[1;31mO[0;33m--[1;31mw[0;33m---[1;31mO[0;33m-----[1;31mO    w           [1;37mOOO 
RECEIVED:    OOO                [1;31mOO[0;33m---  [1;31mOOOwwooowoowO[0;33m- [1;31mOOO[0;33m-----[1;31mO[0;33m--                  [1;37mOOO 
RECEIVED:     OOOO                [1;31mO[0;33m--        [1;31mOOwO[0;33m-[1;31mO     [0;33m-[1;31mO[0;33m------[1;31mO[0;33m-[1;31mw              [1;37mOOOO  
RECEIVED:      OOOO               [1;31mO                      OO[0;33m---   -[1;31mO             [1;37mOOOO   
RECEIVED:       OOOO                                      [1;31mOO[0;33m-                  [1;37mOOO     
RECEIVED:         OOO                                      [1;31mOO                 [1;37mOOO      
RECEIVED:           OOO              [1;31m**[1;33m=======================[1;31m**            [1;37mOOO        
RECEIVED:             OOOO           [1;33m||  [1;31mA P O C A L Y P S E  [1;33m||         [1;37mOOOO          
RECEIVED:               OOOOO        [1;33m||         [1;31mVI.V          [1;33m||       [1;37mOOOO          
RECEIVED:                  OOOOO     [1;31m**[1;33m=======================[1;31m**    [1;37mOOOOO               
RECEIVED:                      OOOO                              [1;37mOOOO               
RECEIVED:                            OOOOO OO  OOOOOO  OO OOOOO   
RECEIVED:                               
RECEIVED: [1;31m.:-~-:._.:-~-:._.:-~-:._.:-~-:._.:-~-:._.:-~-:._.:-~-:._.:-~-:._.:-~-:._.:-~-:
RECEIVED: 
RECEIVED (partial): [0mBy what name do you wish to be known? [0m
PARSING LINE: 
PARSING LINE: ESC[1;31m.:-~-:._.:-~-:._.:-~-:._.:-~-:._.:-~-:._.:-~-:._.:-~-:._.:-~-:._.:-~-:._.:-~-:.
PARSING LINE: 
PARSING LINE:                                  ESC[1;37mOOOOOOOOOOOOO
PARSING LINE:                           O OOOOO             OOOOO O                        
PARSING LINE:                     OOOOOOOO        ESC[1;31mw,ESC[0;33m----ESC[1;31m,O       ESC[1;37mOOOOOOO                 
PARSING LINE:                  OOOOO       ESC[1;31mOESC[0;33m----------ESC[1;31mOo ESC[0;33m-ESC[1;31mOOO          ESC[1;37mOOOOO               
PARSING LINE:               OOOO       ESC[1;31mOESC[0;33m- ESC[1;31m,ESC[0;33m-ESC[1;31mOESC[0;33m-----ESC[1;31mOOO                     ESC[1;37mOOOOO            
PARSING LINE:            OOOOO       ESC[1;31mO ESC[0;33m----------ESC[1;31mOOOESC[0;33m-ESC[1;31mO                        ESC[1;37mOOO           
PARSING LINE:          OOOO        ESC[1;31mOOOOOOOESC[0;33m----ESC[1;31mO      O              O           ESC[1;37mOOO        
PARSING LINE:         OOO         ESC[1;31mOwESC[0;33m----ESC[1;31mOESC[0;33m-   ESC[1;31mw                       OOO          ESC[1;37mOOO      
PARSING LINE:       OOOO         ESC[1;31mwESC[0;33m-ESC[1;31mOESC[0;33m---ESC[1;31m,O       ESC[0;33m-  ESC[1;31mO oo Ow             OESC[0;33m-ESC[1;31mO         ESC[1;37mOOO     
PARSING LINE:      OOO          ESC[1;31mOESC[0;33m--ESC[1;31mOESC[0;33m--ESC[1;31mOESC[0;33m-     ESC[1;31mOOoowOOwOOOwoOo           OwESC[0;33m-ESC[1;31mO          ESC[1;37mOOO   
PARSING LINE:     OOO          ESC[1;31mO,ESC[0;33m---ESC[1;31mOESC[0;33m-ESC[1;31mOESC[0;33m-ESC[1;31mw  OOowwooOOwOESC[0;33m-ESC[1;31mow wO           OESC[0;33m--ESC[1;31mO           ESC[1;37mOOO  
PARSING LINE:    OOO          ESC[1;31mOESC[0;33m---ESC[1;31mOOOESC[0;33m-ESC[1;31mwESC[0;33m- ESC[1;31mOOoOoOoowESC[0;33m- ESC[1;31mOOwOwOwoow       OESC[0;33m---ESC[1;31mO             ESC[1;37mOOO  
PARSING LINE:    OOO           ESC[1;31mOESC[0;33m--ESC[1;31mOESC[0;33m---ESC[1;31mOOESC[0;33m--ESC[1;31mOwooowOoOESC[0;33m-ESC[1;31m,   OoOowOoo    OESC[0;33m------ESC[1;31mO           ESC[1;37mOOO 
PARSING LINE:   OOO            ESC[1;31mOESC[0;33m-ESC[1;31mOESC[0;33m------ESC[1;31mwESC[0;33m- ESC[1;31mwwOoooOooO,,  wOo     OESC[0;33m--------ESC[1;31mOOOwO         ESC[1;37mOOO 
PARSING LINE:   O O            ESC[1;31mOwOESC[0;33m-------ESC[1;31mOESC[0;33m--ESC[1;31mwwwoowoOwOO,ESC[0;33m-     ESC[1;31mwESC[0;33m------ESC[1;31mOOESC[0;33m---ESC[1;31mO             ESC[1;37mO O
PARSING LINE:   O O             ESC[1;31mwOESC[0;33m--------ESC[1;31mOESC[0;33m--ESC[1;31mOwowwO OooOESC[0;33m---ESC[1;31mOESC[0;33m-ESC[1;31mOOOOwESC[0;33m------ESC[1;31mOO              ESC[1;37mO O
PARSING LINE:   O O             ESC[1;31mOOOESC[0;33m-------ESC[1;31mOESC[0;33m---ESC[1;31moo O  Owow,,OESC[0;33m-ESC[1;31mOESC[0;33m- -ESC[1;31mOESC[0;33m-ESC[1;31mOOESC[0;33m-----ESC[1;31mO              ESC[1;37mO O
PARSING LINE:   OOO               ESC[1;31mOESC[0;33m--------ESC[1;31mOESC[0;33m--ESC[1;31mOowO  woowOESC[0;33m--ESC[1;31mOOESC[0;33m-ESC[1;31mOESC[0;33m--ESC[1;31mOESC[0;33m----ESC[1;31mOO,ESC[0;33m--ESC[1;31mO            ESC[1;37mOOO
PARSING LINE:   OOO                ESC[1;31mOOESC[0;33m-----ESC[1;31m,ESC[0;33m--ESC[1;31mwoOOOOoooowwESC[0;33m-ESC[1;31mOESC[0;33m--ESC[1;31mwESC[0;33m---ESC[1;31mOESC[0;33m-----ESC[1;31mO    w           ESC[1;37mOOO 
PARSING LINE:    OOO                ESC[1;31mOOESC[0;33m---  ESC[1;31mOOOwwooowoowOESC[0;33m- ESC[1;31mOOOESC[0;33m-----ESC[1;31mOESC[0;33m--                  ESC[1;37mOOO 
PARSING LINE:     OOOO                ESC[1;31mOESC[0;33m--        ESC[1;31mOOwOESC[0;33m-ESC[1;31mO     ESC[0;33m-ESC[1;31mOESC[0;33m------ESC[1;31mOESC[0;33m-ESC[1;31mw              ESC[1;37mOOOO  
PARSING LINE:      OOOO               ESC[1;31mO                      OOESC[0;33m---   -ESC[1;31mO             ESC[1;37mOOOO   
PARSING LINE:       OOOO                                      ESC[1;31mOOESC[0;33m-                  ESC[1;37mOOO     
PARSING LINE:         OOO                                      ESC[1;31mOO                 ESC[1;37mOOO      
PARSING LINE:           OOO              ESC[1;31m**ESC[1;33m=======================ESC[1;31m**            ESC[1;37mOOO        
PARSING LINE:             OOOO           ESC[1;33m||  ESC[1;31mA P O C A L Y P S E  ESC[1;33m||         ESC[1;37mOOOO          
PARSING LINE:               OOOOO        ESC[1;33m||         ESC[1;31mVI.V          ESC[1;33m||       ESC[1;37mOOOO          
PARSING LINE:                  OOOOO     ESC[1;31m**ESC[1;33m=======================ESC[1;31m**    ESC[1;37mOOOOO               
PARSING LINE:                      OOOO                              ESC[1;37mOOOO               
PARSING LINE:                            OOOOO OO  OOOOOO  OO OOOOO   
PARSING LINE:                               
PARSING LINE: ESC[1;31m.:-~-:._.:-~-:._.:-~-:._.:-~-:._.:-~-:._.:-~-:._.:-~-:._.:-~-:._.:-~-:._.:-~-:
PARSING LINE: 
PARSING LINE: ESC[0mBy what name do you wish to be known? ESC[0m
RECEIVED: Invalid name, please try another.
RECEIVED (partial): Name: 
PARSING LINE: Invalid name, please try another.
PARSING LINE: Name: 
