
[1;31m.:-~-:._.:-~-:._.:-~-:._.:-~-:._.:-~-:._.:-~-:._.:-~-:._.:-~-:._.:-~-:._.:-~-:.

                                 [1;37mOOOOOOOOOOOOO
                          O OOOOO             OOOOO O                        
                    OOOOOOOO        [1;31mw,[0;33m----[1;31m,O       [1;37mOOOOOOO                 
                 OOOOO       [1;31mO[0;33m----------[1;31mOo [0;33m-[1;31mOOO          [1;37mOOOOO               
              OOOO       [1;31mO[0;33m- [1;31m,[0;33m-[1;31mO[0;33m-----[1;31mOOO                     [1;37mOOOOO            
           OOOOO       [1;31mO [0;33m----------[1;31mOOO[0;33m-[1;31mO                        [1;37mOOO           
         OOOO        [1;31mOOOOOOO[0;33m----[1;31mO      O              O           [1;37mOOO        
        OOO         [1;31mOw[0;33m----[1;31mO[0;33m-   [1;31mw                       OOO          [1;37mOOO      
      OOOO         [1;31mw[0;33m-[1;31mO[0;33m---[1;31m,O       [0;33m-  [1;31mO oo Ow             O[0;33m-[1;31mO         [1;37mOOO     
     OOO          [1;31mO[0;33m--[1;31mO[0;33m--[1;31mO[0;33m-     [1;31mOOoowOOwOOOwoOo           Ow[0;33m-[1;31mO          [1;37mOOO   
    OOO          [1;31mO,[0;33m---[1;31mO[0;33m-[1;31mO[0;33m-[1;31mw  OOowwooOOwO[0;33m-[1;31mow wO           O[0;33m--[1;31mO           [1;37mOOO  
   OOO          [1;31mO[0;33m---[1;31mOOO[0;33m-[1;31mw[0;33m- [1;31mOOoOoOoow[0;33m- [1;31mOOwOwOwoow       O[0;33m---[1;31mO             [1;37mOOO  
   OOO           [1;31mO[0;33m--[1;31mO[0;33m---[1;31mOO[0;33m--[1;31mOwooowOoO[0;33m-[1;31m,   OoOowOoo    O[0;33m------[1;31mO           [1;37mOOO 
  OOO            [1;31mO[0;33m-[1;31mO[0;33m------[1;31mw[0;33m- [1;31mwwOoooOooO,,  wOo     O[0;33m--------[1;31mOOOwO         [1;37mOOO 
  O O            [1;31mOwO[0;33m-------[1;31mO[0;33m--[1;31mwwwoowoOwOO,[0;33m-     [1;31mw[0;33m------[1;31mOO[0;33m---[1;31mO             [1;37mO O
  O O             [1;31mwO[0;33m--------[1;31mO[0;33m--[1;31mOwowwO OooO[0;33m---[1;31mO[0;33m-[1;31mOOOOw[0;33m------[1;31mOO              [1;37mO O
  O O             [1;31mOOO[0;33m-------[1;31mO[0;33m---[1;31moo O  Owow,,O[0;33m-[1;31mO[0;33m- -[1;31mO[0;33m-[1;31mOO[0;33m-----[1;31mO              [1;37mO O
  OOO               [1;31mO[0;33m--------[1;31mO[0;33m--[1;31mOowO  woowO[0;33m--[1;31mOO[0;33m-[1;31mO[0;33m--[1;31mO[0;33m----[1;31mOO,[0;33m--[1;31mO            [1;37mOOO
  OOO                [1;31mOO[0;33m-----[1;31m,[0;33m--[1;31mwoOOOOooooww[0;33m-[1;31mO[0;33m--[1;31mw[0;33m---[1;31mO[0;33m-----[1;31mO    w           [1;37mOOO 
   OOO                [1;31mOO[0;33m---  [1;31mOOOwwooowoowO[0;33m- [1;31mOOO[0;33m-----[1;31mO[0;33m--                  [1;37mOOO 
    OOOO                [1;31mO[0;33m--        [1;31mOOwO[0;33m-[1;31mO     [0;33m-[1;31mO[0;33m------[1;31mO[0;33m-[1;31mw              [1;37mOOOO  
     OOOO               [1;31mO                      OO[0;33m---   -[1;31mO             [1;37mOOOO   
      OOOO                                      [1;31mOO[0;33m-                  [1;37mOOO     
        OOO                                      [1;31mOO                 [1;37mOOO      
          OOO              [1;31m**[1;33m=======================[1;31m**            [1;37mOOO        
            OOOO           [1;33m||  [1;31mA P O C A L Y P S E  [1;33m||         [1;37mOOOO          
              OOOOO        [1;33m||         [1;31mVI.V          [1;33m||       [1;37mOOOO          
                 OOOOO     [1;31m**[1;33m=======================[1;31m**    [1;37mOOOOO               
                     OOOO                              [1;37mOOOO               
                           OOOOO OO  OOOOOO  OO OOOOO   
                              
[1;31m.:-~-:._.:-~-:._.:-~-:._.:-~-:._.:-~-:._.:-~-:._.:-~-:._.:-~-:._.:-~-:._.:-~-:

[0mBy what name do you wish to be known? [0m
> l
Invalid name, please try another.
Name: 
