
[1;31m.:-~-:._.:-~-:._.:-~-:._.:-~-:._.:-~-:._.:-~-:._.:-~-:._.:-~-:._.:-~-:._.:-~-:.

                                 [1;37mOOOOOOOOOOOOO
                          O OOOOO             OOOOO O                        
                    OOOOOOOO        [1;31mw,[0;33m----[1;31m,O       [1;37mOOOOOOO                 
                 OOOOO       [1;31mO[0;33m----------[1;31mOo [0;33m-[1;31mOOO          [1;37mOOOOO               
              OOOO       [1;31mO[0;33m- [1;31m,[0;33m-[1;31mO[0;33m-----[1;31mOOO                     [1;37mOOOOO            
           OOOOO       [1;31mO [0;33m----------[1;31mOOO[0;33m-[1;31mO                        [1;37mOOO           
         OOOO        [1;31mOOOOOOO[0;33m----[1;31mO      O              O           [1;37mOOO        
        OOO         [1;31mOw[0;33m----[1;31mO[0;33m-   [1;31mw                       OOO          [1;37mOOO      
      OOOO         [1;31mw[0;33m-[1;31mO[0;33m---[1;31m,O       [0;33m-  [1;31mO oo Ow             O[0;33m-[1;31mO         [1;37mOOO     
     OOO          [1;31mO[0;33m--[1;31mO[0;33m--[1;31mO[0;33m-     [1;31mOOoowOOwOOOwoOo           Ow[0;33m-[1;31mO          [1;37mOOO   
    OOO          [1;31mO,[0;33m---[1;31mO[0;33m-[1;31mO[0;33m-[1;31mw  OOowwooOOwO[0;33m-[1;31mow wO           O[0;33m--[1;31mO           [1;37mOOO  
   OOO          [1;31mO[0;33m---[1;31mOOO[0;33m-[1;31mw[
0;33m- [1;31mOOoOoOoow[0;33m- [1;31mOOwOwOwoow       O[0;33m---[1;31mO             [1;37mOOO  
   OOO           [1;31mO[0;33m--[1;31mO[0;33m---[1;31mOO[0;33m--[1;31mOwooowOoO[0;33m-[1;31m,   OoOowOoo    O[0;33m------[1;31mO           [1;37mOOO 
  OOO            [1;31mO[0;33m-[1;31mO[0;33m------[1;31mw[0;33m- [1;31mwwOoooOooO,,  wOo     O[0;33m--------[1;31mOOOwO         [1;37mOOO 
  O O            [1;31mOwO[0;33m-------[1;31mO[0;33m--[1;31mwwwoowoOwOO,[0;33m-     [1;31mw[0;33m------[1;31mOO[0;33m---[1;31mO             [1;37mO O
  O O             [1;31mwO[0;33m--------[1;31mO[0;33m--[1;31mOwowwO OooO[0;33m---[1;31mO[0;33m-[1;31mOOOOw[0;33m------[1;31mOO              [1;37mO O
  O O             [1;31mOOO[0;33m-------[1;31mO[0;33m---[1;31moo O  Owow,,O[0;33m-[1;31mO[0;33m- -[1;31mO[0;33m-[1;31mOO[0;33m-----[1;31mO              [1;37mO O
  OOO               [1;31mO[0;33m--------[1;31mO[0;33m--[1;31mOowO  woowO[0;33m--[1;31mOO[0;33m-[1;31mO[0;33m--[1;31mO[0;33m----[1;31mOO,[0;33m--[1;31mO            [1;37mOOO
  OOO                [1;31mOO[0;33m-----[1;31m,[0;33m--[1;31mwoOOOOooooww[0;33m-[1;31mO[0;33m--[1;31mw[0;33m---[1;31mO[0;33m-----[1;31mO    w           [1;37mOOO 
   OOO                [1;31mOO[0;33m---  [1;31mOOOwwooowoowO[0;33m- [1;31mOOO[0;33m-----[1;31mO[0;33m--                  [1;37mOOO 
    OOOO                [1;31mO[0;33m--        [1;31mOOwO[0;33m-[1;31mO     [0;33m-[1;31mO[0;33m------[1;31mO[0;33m-[1;31mw              [1;37mOOOO  
     OOOO               [1;31mO                      OO[0;33m---   -[1;31mO             [1;37mOOOO   
      OOOO                                      [1;31mOO[0;33m-                  [1;37mOOO     
        OOO                                      [1;31mOO                 [1;37mOOO      
          OOO              [1;31m**[1;33m=======================[1;31m**            [1;37mOOO        
            OOOO           [1;33m||  [1;31mA P O C A L Y P S E  [1;33m||         [1;37mOOOO          
              OOOOO        [1;33m||         [1;31mVI.V          [1;33m||       [1;37mOOOO          
                 OOOOO     [1;31m**[1;33m=======================[1;31m**    [1;37mOOOOO               
                     OOOO                              [1;37mOOOO               
                           OOOOO OO  OOOOOO  OO OOOOO   
                              
[1;31m.:-~-:._.:-~-:._.:-~-:._.:-~-:._.:-~-:._.:-~-:._.:-~-:._.:-~-:._.:-~-:._.:-~-:

[0mBy what name do you wish to be known? [0m
Password: 


                       
        [1;31mo-------------------------------------------------------------o
        |:                                                           :|
        |:                                                           :|
        |:           [1;33mA  P  O  C  A  L  Y  P  S  E  :  V  I    [1;31m       :|
        |:                                                           :|
        |:                                                           :|
        `-=-=-=-=-=-=-=-=-=-=-=-=-=-=-=-=-=-=-=-=-=-=-=-=-=-=-=-=-=-=-'
                         Where Classic Gaming Lives On

                            Based on CircleMUD 3.1,
                            Created by Jeremy Elson

                      A derivative of DikuMUD (GAMMA 0.0),
                created by Hans-Henrik Staerfeldt, Katja Nyboe,
               Tom Madsen, Michael Seifert, and Sebastian Hammer

Welcome to Apocalypse VI!

Make sure you're familiar with the rules to play here. Type rules during
game play.

*** PRESS ENTER: 
> 

[1;37mWelcome to Apocalypse VI![0m

[1;36m0[1;37m)[0;32m Exit from Apocalypse[0m
[1;36m1[1;37m)[0;32m Enter the game[0m
[1;36m2[1;37m)[0;32m Change password[0m
[1;36m3[1;37m)[0;32m Change character description[0m
[1;36m4[1;37m)[0;32m Game rules[0m
[1;36m5[1;37m)[0;32m Delete this character[0m

   [1;37mMake your choice:[0m
> 1

[1;37mYou are now entering the world...[0m

[1m[36mThe Temple of Midgaard[0m
   Entering the great halls of the Temple of Midgaard is awe-inspiring, as you
stand at an ornate entryway spanning nearly thirty feet across.  Huge copper
braziers at each temple corner bathes the cool, marble walls in a fiery glow.  
Elaborate tapestries bearing the crests and symbols of nobles who helped
established the Temple long ago hang gracefully from the walls and ceilings.  A
set of large stone steps inside the temple lead up to an altar dedicated to the
heroes and patrons of this age.  The entire temple is elevated prominently above
all the other buildings of Midgaard, reinforcing its position as the pinnacle
landmark within the city.  
[36m[EXITS: n e s w d ][0m
[32m[32mA large welcome sign hangs before the archway that leads into the city. Perhaps you should read it.
[32mA marble altar rests at the heart of the temple.
[0mNodri, the helpful Wizard, sits by the altar welcoming new adventurers. [0;33m(QUEST)[0m

[1;37m<[0m [1;31m508H[0m [1;32m158M[0m [1;33m289V[0m [1;36m236464X[0m [0;33m14375SP[0m [1;37m>[0m 

Crackling bolts of lightning streak across the sky.
You are hungry.
You are thirsty.

[1;37m<[0m [1;31m508H[0m [1;32m158M[0m [1;33m289V[0m [1;36m236464X[0m [0;33m14375SP[0m [1;37m>[0m 
> quit
You have run out of time to complete the quest.
Goodbye, friend... Come back soon!

[1;37m<[0m [1;31m508H[0m [1;32m158M[0m [1;33m289V[0m [1;36m236464X[0m [0;33m14375SP[0m [1;37m>[0m 


[1;37mWelcome to Apocalypse VI![0m

[1;36m0[1;37m)[0;32m Exit from Apocalypse[0m
[1;36m1[1;37m)[0;32m Enter the game[0m
[1;36m2[1;37m)[0;32m Change password[0m
[1;36m3[1;37m)[0;32m Change character description[0m
[1;36m4[1;37m)[0;32m Game rules[0m
[1;36m5[1;37m)[0;32m Delete this character[0m

   [1;37mMake your choice:[0m
> 0

Goodbye, friend... Come back soon!
